
  .   ____          _            __ _ _
 /\\ / ___'_ __ _ _(_)_ __  __ _ \ \ \ \
( ( )\___ | '_ | '_| | '_ \/ _` | \ \ \ \
 \\/  ___)| |_)| | | | | || (_| |  ) ) ) )
  '  |____| .__|_| |_|_| |_\__, | / / / /
 =========|_|==============|___/=/_/_/_/

 :: Spring Boot ::                (v3.5.0)

2025-09-01T23:10:12.118+01:00  INFO 97127 --- [project] [           main] com.project.ProjectApplication           : Starting ProjectApplication using Java 17.0.12 with PID 97127 (/Users/oharouach/Desktop/initiatives/project/target/classes started by oharouach in /Users/oharouach/Desktop/initiatives/project)
2025-09-01T23:10:12.119+01:00  INFO 97127 --- [project] [           main] com.project.ProjectApplication           : No active profile set, falling back to 1 default profile: "default"
2025-09-01T23:10:12.612+01:00  INFO 97127 --- [project] [           main] .s.d.r.c.RepositoryConfigurationDelegate : Bootstrapping Spring Data JPA repositories in DEFAULT mode.
2025-09-01T23:10:12.667+01:00  INFO 97127 --- [project] [           main] .s.d.r.c.RepositoryConfigurationDelegate : Finished Spring Data repository scanning in 48 ms. Found 11 JPA repository interfaces.
2025-09-01T23:10:12.937+01:00  INFO 97127 --- [project] [           main] o.s.b.w.embedded.tomcat.TomcatWebServer  : Tomcat initialized with port 8081 (http)
2025-09-01T23:10:12.944+01:00  INFO 97127 --- [project] [           main] o.apache.catalina.core.StandardService   : Starting service [Tomcat]
2025-09-01T23:10:12.944+01:00  INFO 97127 --- [project] [           main] o.apache.catalina.core.StandardEngine    : Starting Servlet engine: [Apache Tomcat/10.1.41]
2025-09-01T23:10:12.972+01:00  INFO 97127 --- [project] [           main] o.a.c.c.C.[Tomcat].[localhost].[/]       : Initializing Spring embedded WebApplicationContext
2025-09-01T23:10:12.972+01:00  INFO 97127 --- [project] [           main] w.s.c.ServletWebServerApplicationContext : Root WebApplicationContext: initialization completed in 835 ms
2025-09-01T23:10:13.038+01:00 DEBUG 97127 --- [project] [           main] o.s.w.f.ServerHttpObservationFilter      : Filter 'webMvcObservationFilter' configured for use
2025-09-01T23:10:13.095+01:00  INFO 97127 --- [project] [           main] o.hibernate.jpa.internal.util.LogHelper  : HHH000204: Processing PersistenceUnitInfo [name: default]
2025-09-01T23:10:13.120+01:00  INFO 97127 --- [project] [           main] org.hibernate.Version                    : HHH000412: Hibernate ORM core version 6.6.15.Final
2025-09-01T23:10:13.135+01:00  INFO 97127 --- [project] [           main] o.h.c.internal.RegionFactoryInitiator    : HHH000026: Second-level cache disabled
2025-09-01T23:10:13.300+01:00  INFO 97127 --- [project] [           main] o.s.o.j.p.SpringPersistenceUnitInfo      : No LoadTimeWeaver setup: ignoring JPA class transformer
2025-09-01T23:10:13.317+01:00  INFO 97127 --- [project] [           main] com.zaxxer.hikari.HikariDataSource       : HikariPool-1 - Starting...
2025-09-01T23:10:13.557+01:00  INFO 97127 --- [project] [           main] com.zaxxer.hikari.pool.HikariPool        : HikariPool-1 - Added connection com.mysql.cj.jdbc.ConnectionImpl@417446d9
2025-09-01T23:10:13.558+01:00  INFO 97127 --- [project] [           main] com.zaxxer.hikari.HikariDataSource       : HikariPool-1 - Start completed.
2025-09-01T23:10:13.606+01:00  WARN 97127 --- [project] [           main] org.hibernate.orm.deprecation            : HHH90000025: MySQLDialect does not need to be specified explicitly using 'hibernate.dialect' (remove the property setting and it will be selected by default)
2025-09-01T23:10:13.618+01:00  INFO 97127 --- [project] [           main] org.hibernate.orm.connections.pooling    : HHH10001005: Database info:
	Database JDBC URL [Connecting through datasource 'HikariDataSource (HikariPool-1)']
	Database driver: undefined/unknown
	Database version: 8.0.35
	Autocommit mode: undefined/unknown
	Isolation level: undefined/unknown
	Minimum pool size: undefined/unknown
	Maximum pool size: undefined/unknown
2025-09-01T23:10:14.252+01:00  INFO 97127 --- [project] [           main] o.h.e.t.j.p.i.JtaPlatformInitiator       : HHH000489: No JTA platform available (set 'hibernate.transaction.jta.platform' to enable JTA platform integration)
2025-09-01T23:10:14.361+01:00  INFO 97127 --- [project] [           main] j.LocalContainerEntityManagerFactoryBean : Initialized JPA EntityManagerFactory for persistence unit 'default'
2025-09-01T23:10:14.536+01:00  INFO 97127 --- [project] [           main] o.s.d.j.r.query.QueryEnhancerFactory     : Hibernate is in classpath; If applicable, HQL parser will be used.
2025-09-01T23:10:15.985+01:00  WARN 97127 --- [project] [           main] JpaBaseConfiguration$JpaWebConfiguration : spring.jpa.open-in-view is enabled by default. Therefore, database queries may be performed during view rendering. Explicitly configure spring.jpa.open-in-view to disable this warning
2025-09-01T23:10:16.064+01:00 DEBUG 97127 --- [project] [           main] s.w.s.m.m.a.RequestMappingHandlerMapping : 139 mappings in 'requestMappingHandlerMapping'
2025-09-01T23:10:16.111+01:00 DEBUG 97127 --- [project] [           main] o.s.w.s.handler.SimpleUrlHandlerMapping  : Patterns [/webjars/**, /**] in 'resourceHandlerMapping'
2025-09-01T23:10:16.161+01:00  INFO 97127 --- [project] [           main] o.s.b.a.e.web.EndpointLinksResolver      : Exposing 1 endpoint beneath base path '/actuator'
2025-09-01T23:10:16.178+01:00 TRACE 97127 --- [project] [           main] eGlobalAuthenticationAutowiredConfigurer : Eagerly initializing {securityConfig=com.project.config.SecurityConfig$$SpringCGLIB$$0@63437af4}
2025-09-01T23:10:16.183+01:00  INFO 97127 --- [project] [           main] r$InitializeUserDetailsManagerConfigurer : Global AuthenticationManager configured with UserDetailsService bean with name myUserDetailsService
2025-09-01T23:10:16.238+01:00 DEBUG 97127 --- [project] [           main] o.s.s.web.DefaultSecurityFilterChain     : Will secure any request with filters: DisableEncodeUrlFilter, WebAsyncManagerIntegrationFilter, SecurityContextHolderFilter, HeaderWriterFilter, LogoutFilter, UsernamePasswordAuthenticationFilter, RequestCacheAwareFilter, SecurityContextHolderAwareRequestFilter, AnonymousAuthenticationFilter, ExceptionTranslationFilter, AuthorizationFilter
2025-09-01T23:10:16.276+01:00 DEBUG 97127 --- [project] [           main] s.w.s.m.m.a.RequestMappingHandlerAdapter : ControllerAdvice beans: 0 @ModelAttribute, 0 @InitBinder, 1 RequestBodyAdvice, 1 ResponseBodyAdvice
2025-09-01T23:10:16.325+01:00 DEBUG 97127 --- [project] [           main] .m.m.a.ExceptionHandlerExceptionResolver : ControllerAdvice beans: 1 @ExceptionHandler, 1 ResponseBodyAdvice
2025-09-01T23:10:16.441+01:00  INFO 97127 --- [project] [           main] o.s.b.w.embedded.tomcat.TomcatWebServer  : Tomcat started on port 8081 (http) with context path '/'
2025-09-01T23:10:16.452+01:00  INFO 97127 --- [project] [           main] com.project.ProjectApplication           : Started ProjectApplication in 4.518 seconds (process running for 4.717)
Hibernate: select r1_0.id,r1_0.name from role r1_0 where r1_0.name=?
Hibernate: select r1_0.id,r1_0.name from role r1_0 where r1_0.name=?
Hibernate: select r1_0.id,r1_0.name from role r1_0 where r1_0.name=?
Hibernate: select r1_0.id,r1_0.name from role r1_0 where r1_0.name=?
Hibernate: select r1_0.id,r1_0.name from role r1_0 where r1_0.name=?
Hibernate: select r1_0.id,r1_0.name from role r1_0 where r1_0.name=?
Hibernate: select u1_0.id,u1_0.enabled,u1_0.manager_id,u1_0.password,u1_0.role_id,u1_0.username from user u1_0 where u1_0.username=?
Hibernate: select r1_0.id,r1_0.name from role r1_0 where r1_0.id=?
Hibernate: select u1_0.id,u1_0.enabled,u1_0.manager_id,u1_0.password,u1_0.role_id,u1_0.username from user u1_0 where u1_0.username=?
Hibernate: select r1_0.id,r1_0.name from role r1_0 where r1_0.id=?
Hibernate: select u1_0.id,u1_0.enabled,u1_0.manager_id,u1_0.password,u1_0.role_id,u1_0.username from user u1_0 where u1_0.username=?
Hibernate: select r1_0.id,r1_0.name from role r1_0 where r1_0.id=?
Hibernate: select u1_0.id,u1_0.enabled,u1_0.manager_id,u1_0.password,u1_0.role_id,u1_0.username from user u1_0 where u1_0.username=?
Hibernate: select r1_0.id,r1_0.name from role r1_0 where r1_0.id=?
Hibernate: select u1_0.id,u1_0.enabled,u1_0.manager_id,u1_0.password,u1_0.role_id,u1_0.username from user u1_0 where u1_0.username=?
Hibernate: select r1_0.id,r1_0.name from role r1_0 where r1_0.id=?
Hibernate: select u1_0.id,u1_0.enabled,u1_0.manager_id,u1_0.password,u1_0.role_id,u1_0.username from user u1_0 where u1_0.username=?
Hibernate: select r1_0.id,r1_0.name from role r1_0 where r1_0.id=?
[ERROR] Failed to execute goal org.springframework.boot:spring-boot-maven-plugin:3.5.0:run (default-cli) on project project: Process terminated with exit code: 137 -> [Help 1]
[ERROR] 
[ERROR] To see the full stack trace of the errors, re-run Maven with the -e switch.
[ERROR] Re-run Maven using the -X switch to enable full debug logging.
[ERROR] 
[ERROR] For more information about the errors and possible solutions, please read the following articles:
[ERROR] [Help 1] http://cwiki.apache.org/confluence/display/MAVEN/MojoExecutionException
